<?xml version="1.0" encoding="UTF-8"?>
<!-- Generated by org.testng.reporters.JUnitReportReporter -->
<testsuite skipped="0" hostname="Laptop-Toshiba" name="PipelineTest.S14NavigatorDemo" tests="1" failures="0" timestamp="28 Oct 2021 15:24:11 GMT" time="20.159" errors="0">
  <testcase name="WD" time="20.159" classname="PipelineTest.S14NavigatorDemo"/>
</testsuite> <!-- PipelineTest.S14NavigatorDemo -->
